#
# A fatal error has been detected by the Java Runtime Environment:
#
#  EXCEPTION_ACCESS_VIOLATION (0xc0000005) at pc=0x00000000770591af, pid=3940, tid=3292
#
# JRE version: Java(TM) SE Runtime Environment (8.0_74-b02) (build 1.8.0_74-b02)
# Java VM: Java HotSpot(TM) 64-Bit Server VM (25.74-b02 mixed mode windows-amd64 compressed oops)
# Problematic frame:
# C  [nvoglv64.DLL+0xda91af]
#
# Failed to write core dump. Minidumps are not enabled by default on client versions of Windows
#
# If you would like to submit a bug report, please visit:
#   http://bugreport.java.com/bugreport/crash.jsp
# The crash happened outside the Java Virtual Machine in native code.
# See problematic frame for where to report the bug.
#

---------------  T H R E A D  ---------------

Current thread (0x0000000019a2b800):  JavaThread "OpenGL Rendering" [_thread_in_native, id=3292, stack(0x000000001a900000,0x000000001aa00000)]

siginfo: ExceptionCode=0xc0000005, reading address 0x0000000000000000

Registers:
RAX=0x00000000770591af, RBX=0x000000001c7a01ec, RCX=0x000000001c7a0208, RDX=0x0000000000000000
RSP=0x000000001a9fefb8, RBP=0x0000000000000000, RSI=0x0000000000000034, RDI=0x000000001c058080
R8 =0x0000000000000006, R9 =0x00000000762b0000, R10=0x000000001c7a0208, R11=0x000000001c7a0208
R12=0x0000000000001401, R13=0x0000000000000006, R14=0x0000000000000006, R15=0x0000000000000004
RIP=0x00000000770591af, EFLAGS=0x0000000000010206

Top of Stack: (sp=0x000000001a9fefb8)
0x000000001a9fefb8:   00000000768a13ec 00000000198b6750
0x000000001a9fefc8:   0000000051aea496 000000001a9ff6b8
0x000000001a9fefd8:   0000000019877f50 00000000000003d8
0x000000001a9fefe8:   0000000019877f60 000000001744a240
0x000000001a9feff8:   0000000019a2b800 000000001744a240
0x000000001a9ff008:   0000000019a2b800 00000000174ad928
0x000000001a9ff018:   0000000002975cc6 0000000019a2b800
0x000000001a9ff028:   000000001a9ff138 0000000000000000
0x000000001a9ff038:   00000000174ad928 000000001a9ff0e8
0x000000001a9ff048:   0000000002975e34 00000000174ad928
0x000000001a9ff058:   000000001a9ff000 000000001744a240
0x000000001a9ff068:   000000001744a240 0000000000000006
0x000000001a9ff078:   0000000000001401 0000000000000000
0x000000001a9ff088:   000000001744a240 00000000174ad928
0x000000001a9ff098:   0000000019a2b800 0000000002975b62
0x000000001a9ff0a8:   000000001a9ff0a8 000000001744a240 

Instructions: (pc=0x00000000770591af)
0x000000007705918f:   01 49 8b c3 c3 8b 02 41 89 02 49 8b c3 c3 48 0f
0x000000007705919f:   b6 02 8b 4a 01 41 88 02 41 89 4a 01 49 8b c3 c3
0x00000000770591af:   48 0f b7 02 8b 4a 02 66 41 89 02 41 89 4a 02 49
0x00000000770591bf:   8b c3 c3 48 0f b6 02 48 0f b7 4a 01 8b 52 03 41 


Register to memory mapping:

RAX=0x00000000770591af is an unknown value
RBX=0x000000001c7a01ec is an unknown value
RCX=0x000000001c7a0208 is an unknown value
RDX=0x0000000000000000 is an unknown value
RSP=0x000000001a9fefb8 is pointing into the stack for thread: 0x0000000019a2b800
RBP=0x0000000000000000 is an unknown value
RSI=0x0000000000000034 is an unknown value
RDI=0x000000001c058080 is an unknown value
R8 =0x0000000000000006 is an unknown value
R9 =0x00000000762b0000 is an unknown value
R10=0x000000001c7a0208 is an unknown value
R11=0x000000001c7a0208 is an unknown value
R12=0x0000000000001401 is an unknown value
R13=0x0000000000000006 is an unknown value
R14=0x0000000000000006 is an unknown value
R15=0x0000000000000004 is an unknown value


Stack: [0x000000001a900000,0x000000001aa00000],  sp=0x000000001a9fefb8,  free space=1019k
Native frames: (J=compiled Java code, j=interpreted, Vv=VM code, C=native code)

Java frames: (J=compiled Java code, j=interpreted, Vv=VM code)
j  org.lwjgl.system.JNI.callPV(JIIIJ)V+0
j  org.lwjgl.opengl.GL11.nglDrawElements(IIIJ)V+14
j  org.lwjgl.opengl.GL11.glDrawElements(IIIJ)V+17
j  engine.graphics.VertexArray.draw()V+9
j  engine.graphics.VertexArray.render()V+5
j  test.Bird.draw()V+17
j  test.Panel.render(Lengine/graphics/Graphics;)V+4
j  engine.graphics.Screen.run()V+165
j  java.lang.Thread.run()V+11
v  ~StubRoutines::call_stub

---------------  P R O C E S S  ---------------

Java Threads: ( => current thread )
  0x000000001ac43000 JavaThread "Java2D Disposer" daemon [_thread_blocked, id=5396, stack(0x000000001e190000,0x000000001e290000)]
  0x000000000271d800 JavaThread "DestroyJavaVM" [_thread_blocked, id=9040, stack(0x0000000002760000,0x0000000002860000)]
=>0x0000000019a2b800 JavaThread "OpenGL Rendering" [_thread_in_native, id=3292, stack(0x000000001a900000,0x000000001aa00000)]
  0x00000000199ca800 JavaThread "Monitor Ctrl-Break" daemon [_thread_in_native, id=7784, stack(0x000000001a7b0000,0x000000001a8b0000)]
  0x00000000198b2000 JavaThread "Service Thread" daemon [_thread_blocked, id=3296, stack(0x000000001a560000,0x000000001a660000)]
  0x000000001987c800 JavaThread "C1 CompilerThread3" daemon [_thread_blocked, id=8680, stack(0x000000001a460000,0x000000001a560000)]
  0x000000001987a000 JavaThread "C2 CompilerThread2" daemon [_thread_blocked, id=10024, stack(0x000000001a360000,0x000000001a460000)]
  0x0000000019871800 JavaThread "C2 CompilerThread1" daemon [_thread_blocked, id=2820, stack(0x000000001a260000,0x000000001a360000)]
  0x000000001986e000 JavaThread "C2 CompilerThread0" daemon [_thread_blocked, id=9312, stack(0x000000001a160000,0x000000001a260000)]
  0x0000000019869000 JavaThread "Attach Listener" daemon [_thread_blocked, id=3272, stack(0x000000001a060000,0x000000001a160000)]
  0x0000000019868000 JavaThread "Signal Dispatcher" daemon [_thread_blocked, id=9644, stack(0x0000000019f60000,0x000000001a060000)]
  0x0000000019860800 JavaThread "Finalizer" daemon [_thread_blocked, id=10076, stack(0x0000000019c40000,0x0000000019d40000)]
  0x000000001794d000 JavaThread "Reference Handler" daemon [_thread_blocked, id=9760, stack(0x0000000019740000,0x0000000019840000)]

Other Threads:
  0x0000000017948800 VMThread [stack: 0x0000000019640000,0x0000000019740000] [id=8288]
  0x00000000198b5000 WatcherThread [stack: 0x000000001a660000,0x000000001a760000] [id=9748]

VM state:not at safepoint (normal execution)

VM Mutex/Monitor currently owned by a thread: None

Heap:
 PSYoungGen      total 38400K, used 16707K [0x00000000d5a00000, 0x00000000d8480000, 0x0000000100000000)
  eden space 33280K, 50% used [0x00000000d5a00000,0x00000000d6a50eb8,0x00000000d7a80000)
  from space 5120K, 0% used [0x00000000d7f80000,0x00000000d7f80000,0x00000000d8480000)
  to   space 5120K, 0% used [0x00000000d7a80000,0x00000000d7a80000,0x00000000d7f80000)
 ParOldGen       total 87552K, used 0K [0x0000000080e00000, 0x0000000086380000, 0x00000000d5a00000)
  object space 87552K, 0% used [0x0000000080e00000,0x0000000080e00000,0x0000000086380000)
 Metaspace       used 10392K, capacity 10603K, committed 10752K, reserved 1058816K
  class space    used 918K, capacity 968K, committed 1024K, reserved 1048576K

Card table byte_map: [0x0000000011d20000,0x0000000012120000] byte_map_base: 0x0000000011919000

Marking Bits: (ParMarkBitMap*) 0x0000000052240600
 Begin Bits: [0x0000000012bd0000, 0x0000000014b98000)
 End Bits:   [0x0000000014b98000, 0x0000000016b60000)

Polling page: 0x0000000000e30000

CodeCache: size=245760Kb used=2706Kb max_used=2710Kb free=243053Kb
 bounds [0x0000000002960000, 0x0000000002c10000, 0x0000000011960000]
 total_blobs=1448 nmethods=619 adapters=742
 compilation: enabled

Compilation events (10 events):
Event: 0.894 Thread 0x000000001987c800  614       3       java.awt.image.ComponentColorModel::getGreen (7 bytes)
Event: 0.894 Thread 0x000000001987c800 nmethod 614 0x0000000002c00d10 code [0x0000000002c00e80, 0x0000000002c01008]
Event: 0.894 Thread 0x000000001987c800  615       3       java.awt.image.ComponentColorModel::getBlue (7 bytes)
Event: 0.894 Thread 0x000000001987c800 nmethod 615 0x0000000002c00990 code [0x0000000002c00b00, 0x0000000002c00c88]
Event: 0.894 Thread 0x000000001986e000  619       4       java.awt.image.ComponentColorModel::getRGB (161 bytes)
Event: 0.897 Thread 0x0000000019871800 nmethod 617 0x0000000002c03ad0 code [0x0000000002c03c80, 0x0000000002c04158]
Event: 0.897 Thread 0x0000000019871800  620       4       java.awt.image.ComponentColorModel::getAlpha (269 bytes)
Event: 0.897 Thread 0x000000001987a000 nmethod 618 0x0000000002c00350 code [0x0000000002c004a0, 0x0000000002c00798]
Event: 0.899 Thread 0x0000000019871800 nmethod 620 0x0000000002c05190 code [0x0000000002c05360, 0x0000000002c057b8]
Event: 0.899 Thread 0x000000001986e000 nmethod 619 0x0000000002c07690 code [0x0000000002c07880, 0x0000000002c07f08]

GC Heap History (0 events):
No events

Deoptimization events (0 events):
No events

Internal exceptions (9 events):
Event: 0.026 Thread 0x000000000271d800 Exception <a 'java/lang/NoSuchMethodError': Method sun.misc.Unsafe.defineClass(Ljava/lang/String;[BII)Ljava/lang/Class; name or signature does not match> (0x00000000d5a07cc0) thrown at [C:\re\workspace\8-2-build-windows-amd64-cygwin\jdk8u74\6087\hotspot\sr;™ç”Ñö?
Event: 0.026 Thread 0x000000000271d800 Exception <a 'java/lang/NoSuchMethodError': Method sun.misc.Unsafe.prefetchRead(Ljava/lang/Object;J)V name or signature does not match> (0x00000000d5a07fa8) thrown at [C:\re\workspace\8-2-build-windows-amd64-cygwin\jdk8u74\6087\hotspot\src\share\vm\prims\jÊjìì¬?
Event: 0.141 Thread 0x0000000019a2b800 Exception <a 'java/lang/NoSuchFieldError': method resolution failed> (0x00000000d5ea28c8) thrown at [C:\re\workspace\8-2-build-windows-amd64-cygwin\jdk8u74\6087\hotspot\src\share\vm\prims\methodHandles.cpp, line 1146]
Event: 0.142 Thread 0x0000000019a2b800 Exception <a 'java/lang/NoSuchFieldError': method resolution failed> (0x00000000d5eafe30) thrown at [C:\re\workspace\8-2-build-windows-amd64-cygwin\jdk8u74\6087\hotspot\src\share\vm\prims\methodHandles.cpp, line 1146]
Event: 0.166 Thread 0x0000000019a2b800 Exception <a 'java/security/PrivilegedActionException'> (0x00000000d5f59428) thrown at [C:\re\workspace\8-2-build-windows-amd64-cygwin\jdk8u74\6087\hotspot\src\share\vm\prims\jvm.cpp, line 1386]
Event: 0.166 Thread 0x0000000019a2b800 Exception <a 'java/security/PrivilegedActionException'> (0x00000000d5f59820) thrown at [C:\re\workspace\8-2-build-windows-amd64-cygwin\jdk8u74\6087\hotspot\src\share\vm\prims\jvm.cpp, line 1386]
Event: 0.167 Thread 0x0000000019a2b800 Exception <a 'java/security/PrivilegedActionException'> (0x00000000d5f5da38) thrown at [C:\re\workspace\8-2-build-windows-amd64-cygwin\jdk8u74\6087\hotspot\src\share\vm\prims\jvm.cpp, line 1386]
Event: 0.167 Thread 0x0000000019a2b800 Exception <a 'java/security/PrivilegedActionException'> (0x00000000d5f5de30) thrown at [C:\re\workspace\8-2-build-windows-amd64-cygwin\jdk8u74\6087\hotspot\src\share\vm\prims\jvm.cpp, line 1386]
Event: 0.780 Thread 0x0000000019a2b800 Exception <a 'java/io/FileNotFoundException'> (0x00000000d68d05b8) thrown at [C:\re\workspace\8-2-build-windows-amd64-cygwin\jdk8u74\6087\hotspot\src\share\vm\prims\jni.cpp, line 709]

Events (10 events):
Event: 0.884 loading class sun/awt/image/IntegerComponentRaster
Event: 0.884 loading class sun/awt/image/IntegerComponentRaster done
Event: 0.884 loading class java/awt/image/IndexColorModel
Event: 0.884 loading class java/awt/image/IndexColorModel done
Event: 0.884 loading class sun/awt/image/ShortComponentRaster
Event: 0.885 loading class sun/awt/image/ShortComponentRaster done
Event: 0.885 loading class com/sun/imageio/plugins/common/ReaderUtil
Event: 0.885 loading class com/sun/imageio/plugins/common/ReaderUtil done
Event: 0.891 loading class java/io/RandomAccessFile$1
Event: 0.891 loading class java/io/RandomAccessFile$1 done


Dynamic libraries:
0x00007ff750840000 - 0x00007ff750877000 	C:\Program Files\Java\jdk1.8.0_74\bin\java.exe
0x00007ff91d430000 - 0x00007ff91d5da000 	C:\Windows\SYSTEM32\ntdll.dll
0x00007ff91b3b0000 - 0x00007ff91b4ea000 	C:\Windows\system32\KERNEL32.DLL
0x00007ff91a870000 - 0x00007ff91a97f000 	C:\Windows\system32\KERNELBASE.dll
0x00007ff9193d0000 - 0x00007ff919458000 	C:\Windows\system32\apphelp.dll
0x00007ff905810000 - 0x00007ff90585f000 	C:\Windows\AppPatch\AppPatch64\AcGenral.DLL
0x00007ff91cf40000 - 0x00007ff91cfe7000 	C:\Windows\system32\msvcrt.dll
0x00007ff91a650000 - 0x00007ff91a67b000 	C:\Windows\SYSTEM32\SspiCli.dll
0x00007ff91b930000 - 0x00007ff91b981000 	C:\Windows\system32\SHLWAPI.dll
0x00007ff91b550000 - 0x00007ff91b6c1000 	C:\Windows\system32\USER32.dll
0x00007ff91af40000 - 0x00007ff91b0b8000 	C:\Windows\system32\ole32.dll
0x00007ff91bab0000 - 0x00007ff91cec7000 	C:\Windows\system32\SHELL32.dll
0x00007ff919e30000 - 0x00007ff919e4e000 	C:\Windows\SYSTEM32\USERENV.dll
0x00007ff91d380000 - 0x00007ff91d425000 	C:\Windows\system32\ADVAPI32.dll
0x00007ff90d760000 - 0x00007ff90d77b000 	C:\Windows\SYSTEM32\MPR.dll
0x00007ff91b0c0000 - 0x00007ff91b1f6000 	C:\Windows\system32\RPCRT4.dll
0x00007ff91ba50000 - 0x00007ff91baa7000 	C:\Windows\SYSTEM32\sechost.dll
0x00007ff91cff0000 - 0x00007ff91d1c6000 	C:\Windows\SYSTEM32\combase.dll
0x00007ff91b7e0000 - 0x00007ff91b925000 	C:\Windows\system32\GDI32.dll
0x00007ff91a7a0000 - 0x00007ff91a7b4000 	C:\Windows\SYSTEM32\profapi.dll
0x00007ff9190a0000 - 0x00007ff91913f000 	C:\Windows\SYSTEM32\SHCORE.dll
0x00007ff91cf00000 - 0x00007ff91cf34000 	C:\Windows\system32\IMM32.DLL
0x00007ff91b200000 - 0x00007ff91b339000 	C:\Windows\system32\MSCTF.dll
0x00007ff9189d0000 - 0x00007ff918c2a000 	C:\Windows\WinSxS\amd64_microsoft.windows.common-controls_6595b64144ccf1df_6.0.9600.17031_none_6242a4b3ecbb55a1\COMCTL32.dll
0x00000000522c0000 - 0x0000000052392000 	C:\Program Files\Java\jdk1.8.0_74\jre\bin\msvcr100.dll
0x0000000051a30000 - 0x00000000522c0000 	C:\Program Files\Java\jdk1.8.0_74\jre\bin\server\jvm.dll
0x00007ff9125c0000 - 0x00007ff9125c9000 	C:\Windows\SYSTEM32\WSOCK32.dll
0x00007ff915ea0000 - 0x00007ff915ebf000 	C:\Windows\SYSTEM32\WINMM.dll
0x00007ff9174a0000 - 0x00007ff9174aa000 	C:\Windows\SYSTEM32\VERSION.dll
0x00007ff91ae90000 - 0x00007ff91ae97000 	C:\Windows\system32\PSAPI.DLL
0x00007ff91b4f0000 - 0x00007ff91b548000 	C:\Windows\system32\WS2_32.dll
0x00007ff915e60000 - 0x00007ff915e8a000 	C:\Windows\SYSTEM32\WINMMBASE.dll
0x00007ff91cef0000 - 0x00007ff91cef9000 	C:\Windows\system32\NSI.dll
0x00007ff91ac60000 - 0x00007ff91acaa000 	C:\Windows\SYSTEM32\cfgmgr32.dll
0x00007ff919620000 - 0x00007ff919646000 	C:\Windows\SYSTEM32\DEVOBJ.dll
0x0000000051a20000 - 0x0000000051a2f000 	C:\Program Files\Java\jdk1.8.0_74\jre\bin\verify.dll
0x00000000519f0000 - 0x0000000051a19000 	C:\Program Files\Java\jdk1.8.0_74\jre\bin\java.dll
0x00000000519d0000 - 0x00000000519e6000 	C:\Program Files\Java\jdk1.8.0_74\jre\bin\zip.dll
0x00007ff9150b0000 - 0x00007ff9150c0000 	C:\Program Files (x86)\JetBrains\IntelliJ IDEA 2016.1.3\bin\breakgen64.dll
0x00000000519b0000 - 0x00000000519ca000 	C:\Program Files\Java\jdk1.8.0_74\jre\bin\net.dll
0x00007ff91a0d0000 - 0x00007ff91a128000 	C:\Windows\system32\mswsock.dll
0x00007ff8fc820000 - 0x00007ff8fc937000 	C:\Users\Felix\Desktop\Data\Workspace\2D-Game-Engine\dependencies\natives\lwjgl.dll
0x00007ff91a6e0000 - 0x00007ff91a6ea000 	C:\Windows\SYSTEM32\CRYPTBASE.DLL
0x00007ff91a680000 - 0x00007ff91a6e0000 	C:\Windows\SYSTEM32\bcryptPrimitives.dll
0x00007ff90a1f0000 - 0x00007ff90a22c000 	C:\Users\Felix\Desktop\Data\Workspace\2D-Game-Engine\dependencies\natives\glfw.dll
0x00007ff9194a0000 - 0x00007ff9195c1000 	C:\Windows\system32\uxtheme.dll
0x00007ff9057d0000 - 0x00007ff905810000 	C:\Windows\SYSTEM32\dinput8.dll
0x00007ff90a060000 - 0x00007ff90a06d000 	C:\Windows\SYSTEM32\xinput1_4.dll
0x00007ff918ed0000 - 0x00007ff918ef0000 	C:\Windows\SYSTEM32\dwmapi.dll
0x00007ff8fc6f0000 - 0x00007ff8fc811000 	C:\Windows\SYSTEM32\opengl32.dll
0x00007ff9057a0000 - 0x00007ff9057cc000 	C:\Windows\SYSTEM32\GLU32.dll
0x00007ff8fd6e0000 - 0x00007ff8fd7d4000 	C:\Windows\SYSTEM32\DDRAW.dll
0x00007ff90a050000 - 0x00007ff90a059000 	C:\Windows\SYSTEM32\DCIMAN32.dll
0x00007ff9199f0000 - 0x00007ff9199fd000 	C:\Windows\SYSTEM32\HID.DLL
0x00007ff91acb0000 - 0x00007ff91ae84000 	C:\Windows\system32\SETUPAPI.DLL
0x00007ff91ac10000 - 0x00007ff91ac5c000 	C:\Windows\system32\WINTRUST.dll
0x00007ff91a980000 - 0x00007ff91ab57000 	C:\Windows\system32\CRYPT32.dll
0x00007ff91a850000 - 0x00007ff91a862000 	C:\Windows\system32\MSASN1.dll
0x00000000762b0000 - 0x0000000077ff1000 	C:\Windows\SYSTEM32\nvoglv64.DLL
0x00007ff9169d0000 - 0x00007ff9169e1000 	C:\Windows\SYSTEM32\WTSAPI32.dll
0x00007ff912ef0000 - 0x00007ff912f20000 	C:\Windows\SYSTEM32\ntmarta.dll
0x00007ff919e50000 - 0x00007ff919e95000 	C:\Windows\SYSTEM32\powrprof.dll
0x00007ff919a70000 - 0x00007ff919ac7000 	C:\Windows\SYSTEM32\WINSTA.dll
0x00007ff919670000 - 0x00007ff91967a000 	C:\Windows\SYSTEM32\kernel.appcore.dll
0x00007ff905760000 - 0x00007ff90579b000 	C:\Users\Felix\Desktop\Data\Workspace\2D-Game-Engine\dependencies\natives\jemalloc.dll
0x00000000517f0000 - 0x0000000051988000 	C:\Program Files\Java\jdk1.8.0_74\jre\bin\awt.dll
0x00007ff91b990000 - 0x00007ff91ba47000 	C:\Windows\system32\OLEAUT32.dll
0x00007ff91a130000 - 0x00007ff91a14e000 	C:\Windows\SYSTEM32\CRYPTSP.dll
0x00007ff919d20000 - 0x00007ff919d55000 	C:\Windows\system32\rsaenh.dll
0x00007ff91a360000 - 0x00007ff91a386000 	C:\Windows\SYSTEM32\bcrypt.dll
0x00007ff9145b0000 - 0x00007ff9145d9000 	C:\Windows\SYSTEM32\IPHLPAPI.DLL
0x00007ff914550000 - 0x00007ff91455a000 	C:\Windows\SYSTEM32\WINNSI.DLL
0x00007ff9151a0000 - 0x00007ff9151b4000 	C:\Windows\SYSTEM32\dhcpcsvc6.DLL
0x00007ff915180000 - 0x00007ff915199000 	C:\Windows\SYSTEM32\dhcpcsvc.DLL
0x0000000051990000 - 0x00000000519a1000 	C:\Program Files\Java\jdk1.8.0_74\jre\bin\nio.dll
0x00007ff90cee0000 - 0x00007ff90d068000 	C:\Windows\SYSTEM32\dbghelp.dll

VM Arguments:
jvm_args: -Djava.library.path=dependencies/natives/ -Didea.launcher.port=7540 -Didea.launcher.bin.path=C:\Program Files (x86)\JetBrains\IntelliJ IDEA 2016.1.3\bin -Dfile.encoding=UTF-8 
java_command: com.intellij.rt.execution.application.AppMain test.Main
java_class_path (initial): C:\Program Files\Java\jdk1.8.0_74\jre\lib\charsets.jar;C:\Program Files\Java\jdk1.8.0_74\jre\lib\deploy.jar;C:\Program Files\Java\jdk1.8.0_74\jre\lib\ext\access-bridge-64.jar;C:\Program Files\Java\jdk1.8.0_74\jre\lib\ext\cldrdata.jar;C:\Program Files\Java\jdk1.8.0_74\jre\lib\ext\dnsns.jar;C:\Program Files\Java\jdk1.8.0_74\jre\lib\ext\jaccess.jar;C:\Program Files\Java\jdk1.8.0_74\jre\lib\ext\jfxrt.jar;C:\Program Files\Java\jdk1.8.0_74\jre\lib\ext\localedata.jar;C:\Program Files\Java\jdk1.8.0_74\jre\lib\ext\nashorn.jar;C:\Program Files\Java\jdk1.8.0_74\jre\lib\ext\sunec.jar;C:\Program Files\Java\jdk1.8.0_74\jre\lib\ext\sunjce_provider.jar;C:\Program Files\Java\jdk1.8.0_74\jre\lib\ext\sunmscapi.jar;C:\Program Files\Java\jdk1.8.0_74\jre\lib\ext\sunpkcs11.jar;C:\Program Files\Java\jdk1.8.0_74\jre\lib\ext\zipfs.jar;C:\Program Files\Java\jdk1.8.0_74\jre\lib\javaws.jar;C:\Program Files\Java\jdk1.8.0_74\jre\lib\jce.jar;C:\Program Files\Java\jdk1.8.0_74\jre\lib\jfr.jar;C:\Program Files\Java\jdk1.8.0_74\jre\lib\jfxswt.jar;C:\Program Files\Java\jdk1.8.0_74\jre\lib\jsse.jar;C:\Program Files\Java\jdk1.8.0_74\jre\lib\management-agent.jar;C:\Program Files\Java\jdk1.8.0_74\jre\lib\plugin.jar;C:\Program Files\Java\jdk1.8.0_74\jre\lib\resources.jar;C:\Program Files\Java\jdk1.8.0_74\jre\lib\rt.jar;C:\Users\Felix\Desktop\Data\Workspace\2D-Game-Engine\out\production\2D-Game-Engine;C:\Users\Felix\Desktop\Data\Workspace\2D-Game-Engine\dependencies\jar\lwjgl.jar;C:\Program Files (x86)\JetBrains\IntelliJ IDEA 2016.1.3\lib\idea_rt.jar
Launcher Type: SUN_STANDARD

Environment Variables:
PATH=C:\Program Files (x86)\NVIDIA Corporation\PhysX\Common;C:\ProgramData\Oracle\Java\javapath;C:\Program Files (x86)\Intel\iCLS Client\;C:\Program Files\Intel\iCLS Client\;C:\Windows\system32;C:\Windows;C:\Windows\System32\Wbem;C:\Windows\System32\WindowsPowerShell\v1.0\;C:\Program Files\Intel\Intel(R) Management Engine Components\DAL;C:\Program Files (x86)\Intel\Intel(R) Management Engine Components\DAL;C:\Program Files\Intel\Intel(R) Management Engine Components\IPT;C:\Program Files (x86)\Intel\Intel(R) Management Engine Components\IPT;C:\Program Files (x86)\Skype\Phone\;C:\Program Files\Git\cmd;C:\Program Files (x86)\Brackets\command;C:\Program Files (x86)\Windows Kits\8.1\Windows Performance Toolkit\;C:\Users\Felix\AppData\Local\atom\bin
USERNAME=Felix
OS=Windows_NT
PROCESSOR_IDENTIFIER=Intel64 Family 6 Model 60 Stepping 3, GenuineIntel



---------------  S Y S T E M  ---------------

OS: Windows 8.1 , 64 bit Build 9600 (6.3.9600.17056)

CPU:total 8 (4 cores per cpu, 2 threads per core) family 6 model 60 stepping 3, cmov, cx8, fxsr, mmx, sse, sse2, sse3, ssse3, sse4.1, sse4.2, popcnt, avx, avx2, aes, clmul, erms, rtm, lzcnt, ht, tsc, tscinvbit, bmi1, bmi2

Memory: 4k page, physical 8327440k(2879580k free), swap 13570320k(5300740k free)

vm_info: Java HotSpot(TM) 64-Bit Server VM (25.74-b02) for windows-amd64 JRE (1.8.0_74-b02), built on Jan 29 2016 17:42:36 by "java_re" with MS VC++ 10.0 (VS2010)

time: Mon Jul 18 03:15:52 2016
elapsed time: 0 seconds (0d 0h 0m 0s)

