#
# A fatal error has been detected by the Java Runtime Environment:
#
#  EXCEPTION_ACCESS_VIOLATION (0xc0000005) at pc=0x00000000770591af, pid=10204, tid=2728
#
# JRE version: Java(TM) SE Runtime Environment (8.0_74-b02) (build 1.8.0_74-b02)
# Java VM: Java HotSpot(TM) 64-Bit Server VM (25.74-b02 mixed mode windows-amd64 compressed oops)
# Problematic frame:
# C  [nvoglv64.DLL+0xda91af]
#
# Failed to write core dump. Minidumps are not enabled by default on client versions of Windows
#
# If you would like to submit a bug report, please visit:
#   http://bugreport.java.com/bugreport/crash.jsp
# The crash happened outside the Java Virtual Machine in native code.
# See problematic frame for where to report the bug.
#

---------------  T H R E A D  ---------------

Current thread (0x000000001942c800):  JavaThread "OpenGL Rendering" [_thread_in_native, id=2728, stack(0x000000001a380000,0x000000001a480000)]

siginfo: ExceptionCode=0xc0000005, reading address 0x0000000000000000

Registers:
RAX=0x00000000770591af, RBX=0x000000001c2311ac, RCX=0x000000001c2311c8, RDX=0x0000000000000000
RSP=0x000000001a47f2b8, RBP=0x0000000000000000, RSI=0x0000000000000034, RDI=0x000000001bae0080
R8 =0x0000000000000006, R9 =0x00000000762b0000, R10=0x000000001c2311c8, R11=0x000000001c2311c8
R12=0x0000000000001401, R13=0x0000000000000006, R14=0x0000000000000006, R15=0x0000000000000004
RIP=0x00000000770591af, EFLAGS=0x0000000000010206

Top of Stack: (sp=0x000000001a47f2b8)
0x000000001a47f2b8:   00000000768a13ec 00000000193b19a0
0x000000001a47f2c8:   0000000051aea496 000000001a47f9b8
0x000000001a47f2d8:   000000001930f510 00000000000003d8
0x000000001a47f2e8:   000000001930f520 0000000016e9b240
0x000000001a47f2f8:   000000001942c800 0000000016e9b240
0x000000001a47f308:   000000001942c800 0000000016efe928
0x000000001a47f318:   00000000023c5cc6 000000001942c800
0x000000001a47f328:   000000001a47f438 0000000000000000
0x000000001a47f338:   0000000016efe928 000000001a47f3e8
0x000000001a47f348:   00000000023c5e34 0000000016efe928
0x000000001a47f358:   000000001a47f300 0000000016e9b240
0x000000001a47f368:   0000000016e9b240 0000000000000006
0x000000001a47f378:   0000000000001401 0000000000000000
0x000000001a47f388:   0000000016e9b240 0000000016efe928
0x000000001a47f398:   000000001942c800 00000000023c5b62
0x000000001a47f3a8:   000000001a47f3a8 0000000016e9b240 

Instructions: (pc=0x00000000770591af)
0x000000007705918f:   01 49 8b c3 c3 8b 02 41 89 02 49 8b c3 c3 48 0f
0x000000007705919f:   b6 02 8b 4a 01 41 88 02 41 89 4a 01 49 8b c3 c3
0x00000000770591af:   48 0f b7 02 8b 4a 02 66 41 89 02 41 89 4a 02 49
0x00000000770591bf:   8b c3 c3 48 0f b6 02 48 0f b7 4a 01 8b 52 03 41 


Register to memory mapping:

RAX=0x00000000770591af is an unknown value
RBX=0x000000001c2311ac is an unknown value
RCX=0x000000001c2311c8 is an unknown value
RDX=0x0000000000000000 is an unknown value
RSP=0x000000001a47f2b8 is pointing into the stack for thread: 0x000000001942c800
RBP=0x0000000000000000 is an unknown value
RSI=0x0000000000000034 is an unknown value
RDI=0x000000001bae0080 is an unknown value
R8 =0x0000000000000006 is an unknown value
R9 =0x00000000762b0000 is an unknown value
R10=0x000000001c2311c8 is an unknown value
R11=0x000000001c2311c8 is an unknown value
R12=0x0000000000001401 is an unknown value
R13=0x0000000000000006 is an unknown value
R14=0x0000000000000006 is an unknown value
R15=0x0000000000000004 is an unknown value


Stack: [0x000000001a380000,0x000000001a480000],  sp=0x000000001a47f2b8,  free space=1020k
Native frames: (J=compiled Java code, j=interpreted, Vv=VM code, C=native code)

Java frames: (J=compiled Java code, j=interpreted, Vv=VM code)
j  org.lwjgl.system.JNI.callPV(JIIIJ)V+0
j  org.lwjgl.opengl.GL11.nglDrawElements(IIIJ)V+14
j  org.lwjgl.opengl.GL11.glDrawElements(IIIJ)V+17
j  engine.graphics.VertexArray.draw()V+16
j  engine.graphics.VertexArray.render()V+5
j  test.Bird.draw()V+17
j  test.Panel.render(Lengine/graphics/Graphics;)V+4
j  engine.graphics.Screen.run()V+165
j  java.lang.Thread.run()V+11
v  ~StubRoutines::call_stub

---------------  P R O C E S S  ---------------

Java Threads: ( => current thread )
  0x000000001a691000 JavaThread "Java2D Disposer" daemon [_thread_blocked, id=8088, stack(0x000000001db10000,0x000000001dc10000)]
  0x00000000021ad800 JavaThread "DestroyJavaVM" [_thread_blocked, id=5956, stack(0x00000000021b0000,0x00000000022b0000)]
=>0x000000001942c800 JavaThread "OpenGL Rendering" [_thread_in_native, id=2728, stack(0x000000001a380000,0x000000001a480000)]
  0x0000000019407000 JavaThread "Monitor Ctrl-Break" daemon [_thread_in_native, id=7896, stack(0x000000001a1a0000,0x000000001a2a0000)]
  0x0000000019350800 JavaThread "Service Thread" daemon [_thread_blocked, id=9660, stack(0x0000000019fa0000,0x000000001a0a0000)]
  0x00000000192b9000 JavaThread "C1 CompilerThread3" daemon [_thread_blocked, id=9748, stack(0x0000000019ea0000,0x0000000019fa0000)]
  0x00000000192b4000 JavaThread "C2 CompilerThread2" daemon [_thread_blocked, id=3724, stack(0x0000000019da0000,0x0000000019ea0000)]
  0x00000000192ae000 JavaThread "C2 CompilerThread1" daemon [_thread_blocked, id=3848, stack(0x0000000019ca0000,0x0000000019da0000)]
  0x00000000192a8800 JavaThread "C2 CompilerThread0" daemon [_thread_blocked, id=7868, stack(0x0000000019ba0000,0x0000000019ca0000)]
  0x00000000192a7000 JavaThread "Attach Listener" daemon [_thread_blocked, id=9356, stack(0x0000000019aa0000,0x0000000019ba0000)]
  0x00000000192a6000 JavaThread "Signal Dispatcher" daemon [_thread_blocked, id=9232, stack(0x00000000199a0000,0x0000000019aa0000)]
  0x00000000023ae000 JavaThread "Finalizer" daemon [_thread_blocked, id=7924, stack(0x0000000019680000,0x0000000019780000)]
  0x000000001739d800 JavaThread "Reference Handler" daemon [_thread_blocked, id=5528, stack(0x0000000019180000,0x0000000019280000)]

Other Threads:
  0x0000000017399000 VMThread [stack: 0x0000000019080000,0x0000000019180000] [id=2940]
  0x000000001936b000 WatcherThread [stack: 0x000000001a0a0000,0x000000001a1a0000] [id=8032]

VM state:not at safepoint (normal execution)

VM Mutex/Monitor currently owned by a thread: None

Heap:
 PSYoungGen      total 38400K, used 16706K [0x00000000d5a00000, 0x00000000d8480000, 0x0000000100000000)
  eden space 33280K, 50% used [0x00000000d5a00000,0x00000000d6a50ae8,0x00000000d7a80000)
  from space 5120K, 0% used [0x00000000d7f80000,0x00000000d7f80000,0x00000000d8480000)
  to   space 5120K, 0% used [0x00000000d7a80000,0x00000000d7a80000,0x00000000d7f80000)
 ParOldGen       total 87552K, used 0K [0x0000000080e00000, 0x0000000086380000, 0x00000000d5a00000)
  object space 87552K, 0% used [0x0000000080e00000,0x0000000080e00000,0x0000000086380000)
 Metaspace       used 10396K, capacity 10607K, committed 10752K, reserved 1058816K
  class space    used 918K, capacity 968K, committed 1024K, reserved 1048576K

Card table byte_map: [0x0000000011770000,0x0000000011b70000] byte_map_base: 0x0000000011369000

Marking Bits: (ParMarkBitMap*) 0x0000000052240600
 Begin Bits: [0x0000000012620000, 0x00000000145e8000)
 End Bits:   [0x00000000145e8000, 0x00000000165b0000)

Polling page: 0x0000000002060000

CodeCache: size=245760Kb used=2756Kb max_used=2763Kb free=243003Kb
 bounds [0x00000000023b0000, 0x0000000002670000, 0x00000000113b0000]
 total_blobs=1456 nmethods=627 adapters=742
 compilation: enabled

Compilation events (10 events):
Event: 1.007 Thread 0x00000000192b9000 nmethod 621 0x000000000265e5d0 code [0x000000000265e740, 0x000000000265e8c8]
Event: 1.007 Thread 0x00000000192b9000  612       3       java.io.RandomAccessFile::seek (22 bytes)
Event: 1.007 Thread 0x00000000192b9000 nmethod 612 0x000000000265e950 code [0x000000000265eac0, 0x000000000265ed38]
Event: 1.007 Thread 0x00000000192b9000  613       1       java.awt.image.Raster::getWidth (5 bytes)
Event: 1.007 Thread 0x00000000192b9000 nmethod 613 0x0000000002652990 code [0x0000000002652ae0, 0x0000000002652bf0]
Event: 1.007 Thread 0x00000000192b9000  614       1       java.awt.image.Raster::getHeight (5 bytes)
Event: 1.007 Thread 0x00000000192b9000 nmethod 614 0x000000000265ee50 code [0x000000000265efa0, 0x000000000265f0b0]
Event: 1.008 Thread 0x00000000192ae000 nmethod 624 0x0000000002663110 code [0x00000000026632c0, 0x0000000002663798]
Event: 1.009 Thread 0x00000000192ae000  627       4       java.awt.image.ComponentColorModel::getAlpha (269 bytes)
Event: 1.009 Thread 0x00000000192b4000 nmethod 625 0x000000000265fbd0 code [0x000000000265fd20, 0x0000000002660018]

GC Heap History (0 events):
No events

Deoptimization events (0 events):
No events

Internal exceptions (9 events):
Event: 0.030 Thread 0x00000000021ad800 Exception <a 'java/lang/NoSuchMethodError': Method sun.misc.Unsafe.defineClass(Ljava/lang/String;[BII)Ljava/lang/Class; name or signature does not match> (0x00000000d5a07cc0) thrown at [C:\re\workspace\8-2-build-windows-amd64-cygwin\jdk8u74\6087\hotspot\sr|Ð>hâž?
Event: 0.030 Thread 0x00000000021ad800 Exception <a 'java/lang/NoSuchMethodError': Method sun.misc.Unsafe.prefetchRead(Ljava/lang/Object;J)V name or signature does not match> (0x00000000d5a07fa8) thrown at [C:\re\workspace\8-2-build-windows-amd64-cygwin\jdk8u74\6087\hotspot\src\share\vm\prims\j§˜³ˆÂ?
Event: 0.145 Thread 0x000000001942c800 Exception <a 'java/lang/NoSuchFieldError': method resolution failed> (0x00000000d5ea2958) thrown at [C:\re\workspace\8-2-build-windows-amd64-cygwin\jdk8u74\6087\hotspot\src\share\vm\prims\methodHandles.cpp, line 1146]
Event: 0.146 Thread 0x000000001942c800 Exception <a 'java/lang/NoSuchFieldError': method resolution failed> (0x00000000d5eafec0) thrown at [C:\re\workspace\8-2-build-windows-amd64-cygwin\jdk8u74\6087\hotspot\src\share\vm\prims\methodHandles.cpp, line 1146]
Event: 0.184 Thread 0x000000001942c800 Exception <a 'java/security/PrivilegedActionException'> (0x00000000d5f594d0) thrown at [C:\re\workspace\8-2-build-windows-amd64-cygwin\jdk8u74\6087\hotspot\src\share\vm\prims\jvm.cpp, line 1386]
Event: 0.184 Thread 0x000000001942c800 Exception <a 'java/security/PrivilegedActionException'> (0x00000000d5f598c8) thrown at [C:\re\workspace\8-2-build-windows-amd64-cygwin\jdk8u74\6087\hotspot\src\share\vm\prims\jvm.cpp, line 1386]
Event: 0.185 Thread 0x000000001942c800 Exception <a 'java/security/PrivilegedActionException'> (0x00000000d5f5dae0) thrown at [C:\re\workspace\8-2-build-windows-amd64-cygwin\jdk8u74\6087\hotspot\src\share\vm\prims\jvm.cpp, line 1386]
Event: 0.185 Thread 0x000000001942c800 Exception <a 'java/security/PrivilegedActionException'> (0x00000000d5f5ded8) thrown at [C:\re\workspace\8-2-build-windows-amd64-cygwin\jdk8u74\6087\hotspot\src\share\vm\prims\jvm.cpp, line 1386]
Event: 0.881 Thread 0x000000001942c800 Exception <a 'java/io/FileNotFoundException'> (0x00000000d68d2890) thrown at [C:\re\workspace\8-2-build-windows-amd64-cygwin\jdk8u74\6087\hotspot\src\share\vm\prims\jni.cpp, line 709]

Events (10 events):
Event: 0.996 loading class sun/awt/image/IntegerComponentRaster
Event: 0.997 loading class sun/awt/image/IntegerComponentRaster done
Event: 0.997 loading class java/awt/image/IndexColorModel
Event: 0.997 loading class java/awt/image/IndexColorModel done
Event: 0.997 loading class sun/awt/image/ShortComponentRaster
Event: 0.997 loading class sun/awt/image/ShortComponentRaster done
Event: 0.997 loading class com/sun/imageio/plugins/common/ReaderUtil
Event: 0.997 loading class com/sun/imageio/plugins/common/ReaderUtil done
Event: 1.002 loading class java/io/RandomAccessFile$1
Event: 1.002 loading class java/io/RandomAccessFile$1 done


Dynamic libraries:
0x00007ff750840000 - 0x00007ff750877000 	C:\Program Files\Java\jdk1.8.0_74\bin\java.exe
0x00007ff91d430000 - 0x00007ff91d5da000 	C:\Windows\SYSTEM32\ntdll.dll
0x00007ff91b3b0000 - 0x00007ff91b4ea000 	C:\Windows\system32\KERNEL32.DLL
0x00007ff91a870000 - 0x00007ff91a97f000 	C:\Windows\system32\KERNELBASE.dll
0x00007ff9193d0000 - 0x00007ff919458000 	C:\Windows\system32\apphelp.dll
0x00007ff905810000 - 0x00007ff90585f000 	C:\Windows\AppPatch\AppPatch64\AcGenral.DLL
0x00007ff91cf40000 - 0x00007ff91cfe7000 	C:\Windows\system32\msvcrt.dll
0x00007ff91a650000 - 0x00007ff91a67b000 	C:\Windows\SYSTEM32\SspiCli.dll
0x00007ff91b930000 - 0x00007ff91b981000 	C:\Windows\system32\SHLWAPI.dll
0x00007ff91b550000 - 0x00007ff91b6c1000 	C:\Windows\system32\USER32.dll
0x00007ff91af40000 - 0x00007ff91b0b8000 	C:\Windows\system32\ole32.dll
0x00007ff91bab0000 - 0x00007ff91cec7000 	C:\Windows\system32\SHELL32.dll
0x00007ff919e30000 - 0x00007ff919e4e000 	C:\Windows\SYSTEM32\USERENV.dll
0x00007ff91d380000 - 0x00007ff91d425000 	C:\Windows\system32\ADVAPI32.dll
0x00007ff90d760000 - 0x00007ff90d77b000 	C:\Windows\SYSTEM32\MPR.dll
0x00007ff91b0c0000 - 0x00007ff91b1f6000 	C:\Windows\system32\RPCRT4.dll
0x00007ff91ba50000 - 0x00007ff91baa7000 	C:\Windows\SYSTEM32\sechost.dll
0x00007ff91cff0000 - 0x00007ff91d1c6000 	C:\Windows\SYSTEM32\combase.dll
0x00007ff91b7e0000 - 0x00007ff91b925000 	C:\Windows\system32\GDI32.dll
0x00007ff91a7a0000 - 0x00007ff91a7b4000 	C:\Windows\SYSTEM32\profapi.dll
0x00007ff9190a0000 - 0x00007ff91913f000 	C:\Windows\SYSTEM32\SHCORE.dll
0x00007ff91cf00000 - 0x00007ff91cf34000 	C:\Windows\system32\IMM32.DLL
0x00007ff91b200000 - 0x00007ff91b339000 	C:\Windows\system32\MSCTF.dll
0x00007ff9189d0000 - 0x00007ff918c2a000 	C:\Windows\WinSxS\amd64_microsoft.windows.common-controls_6595b64144ccf1df_6.0.9600.17031_none_6242a4b3ecbb55a1\COMCTL32.dll
0x00000000522c0000 - 0x0000000052392000 	C:\Program Files\Java\jdk1.8.0_74\jre\bin\msvcr100.dll
0x0000000051a30000 - 0x00000000522c0000 	C:\Program Files\Java\jdk1.8.0_74\jre\bin\server\jvm.dll
0x00007ff9125c0000 - 0x00007ff9125c9000 	C:\Windows\SYSTEM32\WSOCK32.dll
0x00007ff915ea0000 - 0x00007ff915ebf000 	C:\Windows\SYSTEM32\WINMM.dll
0x00007ff9174a0000 - 0x00007ff9174aa000 	C:\Windows\SYSTEM32\VERSION.dll
0x00007ff91ae90000 - 0x00007ff91ae97000 	C:\Windows\system32\PSAPI.DLL
0x00007ff91b4f0000 - 0x00007ff91b548000 	C:\Windows\system32\WS2_32.dll
0x00007ff915e60000 - 0x00007ff915e8a000 	C:\Windows\SYSTEM32\WINMMBASE.dll
0x00007ff91cef0000 - 0x00007ff91cef9000 	C:\Windows\system32\NSI.dll
0x00007ff91ac60000 - 0x00007ff91acaa000 	C:\Windows\SYSTEM32\cfgmgr32.dll
0x00007ff919620000 - 0x00007ff919646000 	C:\Windows\SYSTEM32\DEVOBJ.dll
0x0000000051a20000 - 0x0000000051a2f000 	C:\Program Files\Java\jdk1.8.0_74\jre\bin\verify.dll
0x00000000519f0000 - 0x0000000051a19000 	C:\Program Files\Java\jdk1.8.0_74\jre\bin\java.dll
0x00000000519d0000 - 0x00000000519e6000 	C:\Program Files\Java\jdk1.8.0_74\jre\bin\zip.dll
0x00007ff9150b0000 - 0x00007ff9150c0000 	C:\Program Files (x86)\JetBrains\IntelliJ IDEA 2016.1.3\bin\breakgen64.dll
0x00000000519b0000 - 0x00000000519ca000 	C:\Program Files\Java\jdk1.8.0_74\jre\bin\net.dll
0x00007ff91a0d0000 - 0x00007ff91a128000 	C:\Windows\system32\mswsock.dll
0x00007ff8fc820000 - 0x00007ff8fc937000 	C:\Users\Felix\Desktop\Data\Workspace\2D-Game-Engine\dependencies\natives\lwjgl.dll
0x00007ff91a6e0000 - 0x00007ff91a6ea000 	C:\Windows\SYSTEM32\CRYPTBASE.DLL
0x00007ff91a680000 - 0x00007ff91a6e0000 	C:\Windows\SYSTEM32\bcryptPrimitives.dll
0x00007ff90a1f0000 - 0x00007ff90a22c000 	C:\Users\Felix\Desktop\Data\Workspace\2D-Game-Engine\dependencies\natives\glfw.dll
0x00007ff9194a0000 - 0x00007ff9195c1000 	C:\Windows\system32\uxtheme.dll
0x00007ff9057d0000 - 0x00007ff905810000 	C:\Windows\SYSTEM32\dinput8.dll
0x00007ff90a060000 - 0x00007ff90a06d000 	C:\Windows\SYSTEM32\xinput1_4.dll
0x00007ff918ed0000 - 0x00007ff918ef0000 	C:\Windows\SYSTEM32\dwmapi.dll
0x00007ff8fc6f0000 - 0x00007ff8fc811000 	C:\Windows\SYSTEM32\opengl32.dll
0x00007ff9057a0000 - 0x00007ff9057cc000 	C:\Windows\SYSTEM32\GLU32.dll
0x00007ff8fd6e0000 - 0x00007ff8fd7d4000 	C:\Windows\SYSTEM32\DDRAW.dll
0x00007ff90a050000 - 0x00007ff90a059000 	C:\Windows\SYSTEM32\DCIMAN32.dll
0x00007ff9199f0000 - 0x00007ff9199fd000 	C:\Windows\SYSTEM32\HID.DLL
0x00007ff91acb0000 - 0x00007ff91ae84000 	C:\Windows\system32\SETUPAPI.DLL
0x00007ff91ac10000 - 0x00007ff91ac5c000 	C:\Windows\system32\WINTRUST.dll
0x00007ff91a980000 - 0x00007ff91ab57000 	C:\Windows\system32\CRYPT32.dll
0x00007ff91a850000 - 0x00007ff91a862000 	C:\Windows\system32\MSASN1.dll
0x00000000762b0000 - 0x0000000077ff1000 	C:\Windows\SYSTEM32\nvoglv64.DLL
0x00007ff9169d0000 - 0x00007ff9169e1000 	C:\Windows\SYSTEM32\WTSAPI32.dll
0x00007ff912ef0000 - 0x00007ff912f20000 	C:\Windows\SYSTEM32\ntmarta.dll
0x00007ff919e50000 - 0x00007ff919e95000 	C:\Windows\SYSTEM32\powrprof.dll
0x00007ff919a70000 - 0x00007ff919ac7000 	C:\Windows\SYSTEM32\WINSTA.dll
0x00007ff919670000 - 0x00007ff91967a000 	C:\Windows\SYSTEM32\kernel.appcore.dll
0x00007ff905760000 - 0x00007ff90579b000 	C:\Users\Felix\Desktop\Data\Workspace\2D-Game-Engine\dependencies\natives\jemalloc.dll
0x00000000517f0000 - 0x0000000051988000 	C:\Program Files\Java\jdk1.8.0_74\jre\bin\awt.dll
0x00007ff91b990000 - 0x00007ff91ba47000 	C:\Windows\system32\OLEAUT32.dll
0x00007ff91a130000 - 0x00007ff91a14e000 	C:\Windows\SYSTEM32\CRYPTSP.dll
0x00007ff919d20000 - 0x00007ff919d55000 	C:\Windows\system32\rsaenh.dll
0x00007ff91a360000 - 0x00007ff91a386000 	C:\Windows\SYSTEM32\bcrypt.dll
0x00007ff9145b0000 - 0x00007ff9145d9000 	C:\Windows\SYSTEM32\IPHLPAPI.DLL
0x00007ff914550000 - 0x00007ff91455a000 	C:\Windows\SYSTEM32\WINNSI.DLL
0x00007ff9151a0000 - 0x00007ff9151b4000 	C:\Windows\SYSTEM32\dhcpcsvc6.DLL
0x00007ff915180000 - 0x00007ff915199000 	C:\Windows\SYSTEM32\dhcpcsvc.DLL
0x0000000051990000 - 0x00000000519a1000 	C:\Program Files\Java\jdk1.8.0_74\jre\bin\nio.dll
0x00007ff90cee0000 - 0x00007ff90d068000 	C:\Windows\SYSTEM32\dbghelp.dll

VM Arguments:
jvm_args: -Djava.library.path=dependencies/natives/ -Didea.launcher.port=7532 -Didea.launcher.bin.path=C:\Program Files (x86)\JetBrains\IntelliJ IDEA 2016.1.3\bin -Dfile.encoding=UTF-8 
java_command: com.intellij.rt.execution.application.AppMain test.Main
java_class_path (initial): C:\Program Files\Java\jdk1.8.0_74\jre\lib\charsets.jar;C:\Program Files\Java\jdk1.8.0_74\jre\lib\deploy.jar;C:\Program Files\Java\jdk1.8.0_74\jre\lib\ext\access-bridge-64.jar;C:\Program Files\Java\jdk1.8.0_74\jre\lib\ext\cldrdata.jar;C:\Program Files\Java\jdk1.8.0_74\jre\lib\ext\dnsns.jar;C:\Program Files\Java\jdk1.8.0_74\jre\lib\ext\jaccess.jar;C:\Program Files\Java\jdk1.8.0_74\jre\lib\ext\jfxrt.jar;C:\Program Files\Java\jdk1.8.0_74\jre\lib\ext\localedata.jar;C:\Program Files\Java\jdk1.8.0_74\jre\lib\ext\nashorn.jar;C:\Program Files\Java\jdk1.8.0_74\jre\lib\ext\sunec.jar;C:\Program Files\Java\jdk1.8.0_74\jre\lib\ext\sunjce_provider.jar;C:\Program Files\Java\jdk1.8.0_74\jre\lib\ext\sunmscapi.jar;C:\Program Files\Java\jdk1.8.0_74\jre\lib\ext\sunpkcs11.jar;C:\Program Files\Java\jdk1.8.0_74\jre\lib\ext\zipfs.jar;C:\Program Files\Java\jdk1.8.0_74\jre\lib\javaws.jar;C:\Program Files\Java\jdk1.8.0_74\jre\lib\jce.jar;C:\Program Files\Java\jdk1.8.0_74\jre\lib\jfr.jar;C:\Program Files\Java\jdk1.8.0_74\jre\lib\jfxswt.jar;C:\Program Files\Java\jdk1.8.0_74\jre\lib\jsse.jar;C:\Program Files\Java\jdk1.8.0_74\jre\lib\management-agent.jar;C:\Program Files\Java\jdk1.8.0_74\jre\lib\plugin.jar;C:\Program Files\Java\jdk1.8.0_74\jre\lib\resources.jar;C:\Program Files\Java\jdk1.8.0_74\jre\lib\rt.jar;C:\Users\Felix\Desktop\Data\Workspace\2D-Game-Engine\out\production\2D-Game-Engine;C:\Users\Felix\Desktop\Data\Workspace\2D-Game-Engine\dependencies\jar\lwjgl.jar;C:\Program Files (x86)\JetBrains\IntelliJ IDEA 2016.1.3\lib\idea_rt.jar
Launcher Type: SUN_STANDARD

Environment Variables:
PATH=C:\Program Files (x86)\NVIDIA Corporation\PhysX\Common;C:\ProgramData\Oracle\Java\javapath;C:\Program Files (x86)\Intel\iCLS Client\;C:\Program Files\Intel\iCLS Client\;C:\Windows\system32;C:\Windows;C:\Windows\System32\Wbem;C:\Windows\System32\WindowsPowerShell\v1.0\;C:\Program Files\Intel\Intel(R) Management Engine Components\DAL;C:\Program Files (x86)\Intel\Intel(R) Management Engine Components\DAL;C:\Program Files\Intel\Intel(R) Management Engine Components\IPT;C:\Program Files (x86)\Intel\Intel(R) Management Engine Components\IPT;C:\Program Files (x86)\Skype\Phone\;C:\Program Files\Git\cmd;C:\Program Files (x86)\Brackets\command;C:\Program Files (x86)\Windows Kits\8.1\Windows Performance Toolkit\;C:\Users\Felix\AppData\Local\atom\bin
USERNAME=Felix
OS=Windows_NT
PROCESSOR_IDENTIFIER=Intel64 Family 6 Model 60 Stepping 3, GenuineIntel



---------------  S Y S T E M  ---------------

OS: Windows 8.1 , 64 bit Build 9600 (6.3.9600.17056)

CPU:total 8 (4 cores per cpu, 2 threads per core) family 6 model 60 stepping 3, cmov, cx8, fxsr, mmx, sse, sse2, sse3, ssse3, sse4.1, sse4.2, popcnt, avx, avx2, aes, clmul, erms, rtm, lzcnt, ht, tsc, tscinvbit, bmi1, bmi2

Memory: 4k page, physical 8327440k(2749044k free), swap 13570320k(5199680k free)

vm_info: Java HotSpot(TM) 64-Bit Server VM (25.74-b02) for windows-amd64 JRE (1.8.0_74-b02), built on Jan 29 2016 17:42:36 by "java_re" with MS VC++ 10.0 (VS2010)

time: Mon Jul 18 03:19:53 2016
elapsed time: 1 seconds (0d 0h 0m 1s)

